This file contains any messages produced by compilers while
running configure, to aid debugging if configure makes a mistake.

It was created by soapcpp2 configure 2.7, which was
generated by GNU Autoconf 2.59.  Invocation command line was

  $ ./configure 

## --------- ##
## Platform. ##
## --------- ##

hostname = diablo
uname -m = i686
uname -r = 2.6.9-11.ELsmp
uname -s = Linux
uname -v = #1 SMP Thu Jun 9 15:33:26 CDT 2005

/usr/bin/uname -p = unknown
/bin/uname -X     = unknown

/bin/arch              = i686
/usr/bin/arch -k       = unknown
/usr/convex/getsysinfo = unknown
hostinfo               = unknown
/bin/machine           = unknown
/usr/bin/oslevel       = unknown
/bin/universe          = unknown

PATH: /home/faculty/engelen/bin
PATH: /home/faculty/engelen/.bin
PATH: /home/faculty/engelen/.scripts
PATH: /usr/local/java/bin
PATH: /usr/local/teTeX/bin/sparc-sun-solaris2.6
PATH: /usr/local/bin
PATH: /usr/local/java1.2/bin
PATH: /usr/lang
PATH: /bin
PATH: /usr/bin
PATH: /usr/ucb
PATH: /usr/etc
PATH: /usr/local/bin/X11
PATH: /usr/bin/X11
PATH: /usr/openwin/bin
PATH: /usr/ccs/bin
PATH: /usr/sbin
PATH: /home/faculty/engelen/Amaya/solaris2.6/bin
PATH: /opt/SUNWspro/bin
PATH: /home/faculty/engelen/validate/bin-solaris-gcc/lib/sparc-solaris
PATH: /home/faculty/engelen/java/voyager/bin
PATH: /home/faculty/engelen/java/dxml/bin
PATH: /home/faculty/engelen/mozart/bin
PATH: .


## ----------- ##
## Core tests. ##
## ----------- ##

configure:1366: checking for a BSD-compatible install
configure:1421: result: /usr/bin/install -c
configure:1432: checking whether build environment is sane
configure:1475: result: yes
configure:1540: checking for gawk
configure:1556: found /bin/gawk
configure:1566: result: gawk
configure:1576: checking whether make sets $(MAKE)
configure:1596: result: yes
configure:1771: checking build system type
configure:1789: result: i686-intel-linux
configure:1797: checking host system type
configure:1811: result: i686-intel-linux
configure:1823: checking whether make sets $(MAKE)
configure:1843: result: yes
configure:1905: checking for g++
configure:1921: found /usr/bin/g++
configure:1931: result: g++
configure:1947: checking for C++ compiler version
configure:1950: g++ --version </dev/null >&5
g++ (GCC) 3.4.3 20041212 (Red Hat 3.4.3-9.EL4)
Copyright (C) 2004 Free Software Foundation, Inc.
This is free software; see the source for copying conditions.  There is NO
warranty; not even for MERCHANTABILITY or FITNESS FOR A PARTICULAR PURPOSE.

configure:1953: $? = 0
configure:1955: g++ -v </dev/null >&5
Reading specs from /usr/lib/gcc/i386-redhat-linux/3.4.3/specs
Configured with: ../configure --prefix=/usr --mandir=/usr/share/man --infodir=/usr/share/info --enable-shared --enable-threads=posix --disable-checking --with-system-zlib --enable-__cxa_atexit --disable-libunwind-exceptions --enable-java-awt=gtk --host=i386-redhat-linux
Thread model: posix
gcc version 3.4.3 20041212 (Red Hat 3.4.3-9.EL4)
configure:1958: $? = 0
configure:1960: g++ -V </dev/null >&5
g++: `-V' option must have argument
configure:1963: $? = 1
configure:1986: checking for C++ compiler default output file name
configure:1989: g++    conftest.cc  >&5
configure:1992: $? = 0
configure:2038: result: a.out
configure:2043: checking whether the C++ compiler works
configure:2049: ./a.out
configure:2052: $? = 0
configure:2069: result: yes
configure:2076: checking whether we are cross compiling
configure:2078: result: no
configure:2081: checking for suffix of executables
configure:2083: g++ -o conftest    conftest.cc  >&5
configure:2086: $? = 0
configure:2111: result: 
configure:2117: checking for suffix of object files
configure:2138: g++ -c   conftest.cc >&5
configure:2141: $? = 0
configure:2163: result: o
configure:2167: checking whether we are using the GNU C++ compiler
configure:2191: g++ -c   conftest.cc >&5
configure:2197: $? = 0
configure:2201: test -z 
			 || test ! -s conftest.err
configure:2204: $? = 0
configure:2207: test -s conftest.o
configure:2210: $? = 0
configure:2223: result: yes
configure:2229: checking whether g++ accepts -g
configure:2250: g++ -c -g  conftest.cc >&5
configure:2256: $? = 0
configure:2260: test -z 
			 || test ! -s conftest.err
configure:2263: $? = 0
configure:2266: test -s conftest.o
configure:2269: $? = 0
configure:2280: result: yes
configure:2322: g++ -c -g -O2  conftest.cc >&5
configure:2328: $? = 0
configure:2332: test -z 
			 || test ! -s conftest.err
configure:2335: $? = 0
configure:2338: test -s conftest.o
configure:2341: $? = 0
configure:2367: g++ -c -g -O2  conftest.cc >&5
conftest.cc: In function `int main()':
conftest.cc:15: error: `exit' undeclared (first use this function)
conftest.cc:15: error: (Each undeclared identifier is reported only once for each function it appears in.)
configure:2373: $? = 1
configure: failed program was:
| /* confdefs.h.  */
| 
| #define PACKAGE_NAME "soapcpp2"
| #define PACKAGE_TARNAME "soapcpp2"
| #define PACKAGE_VERSION "2.7"
| #define PACKAGE_STRING "soapcpp2 2.7"
| #define PACKAGE_BUGREPORT ""
| #define PACKAGE "soapcpp2"
| #define VERSION "2.7"
| /* end confdefs.h.  */
| 
| int
| main ()
| {
| exit (42);
|   ;
|   return 0;
| }
configure:2322: g++ -c -g -O2  conftest.cc >&5
configure:2328: $? = 0
configure:2332: test -z 
			 || test ! -s conftest.err
configure:2335: $? = 0
configure:2338: test -s conftest.o
configure:2341: $? = 0
configure:2367: g++ -c -g -O2  conftest.cc >&5
configure:2373: $? = 0
configure:2377: test -z 
			 || test ! -s conftest.err
configure:2380: $? = 0
configure:2383: test -s conftest.o
configure:2386: $? = 0
configure:2420: checking for style of include used by make
configure:2448: result: GNU
configure:2476: checking dependency style of g++
configure:2566: result: gcc3
configure:2629: checking for gcc
configure:2645: found /usr/bin/gcc
configure:2655: result: gcc
configure:2899: checking for C compiler version
configure:2902: gcc --version </dev/null >&5
gcc (GCC) 3.4.3 20041212 (Red Hat 3.4.3-9.EL4)
Copyright (C) 2004 Free Software Foundation, Inc.
This is free software; see the source for copying conditions.  There is NO
warranty; not even for MERCHANTABILITY or FITNESS FOR A PARTICULAR PURPOSE.

configure:2905: $? = 0
configure:2907: gcc -v </dev/null >&5
Reading specs from /usr/lib/gcc/i386-redhat-linux/3.4.3/specs
Configured with: ../configure --prefix=/usr --mandir=/usr/share/man --infodir=/usr/share/info --enable-shared --enable-threads=posix --disable-checking --with-system-zlib --enable-__cxa_atexit --disable-libunwind-exceptions --enable-java-awt=gtk --host=i386-redhat-linux
Thread model: posix
gcc version 3.4.3 20041212 (Red Hat 3.4.3-9.EL4)
configure:2910: $? = 0
configure:2912: gcc -V </dev/null >&5
gcc: `-V' option must have argument
configure:2915: $? = 1
configure:2918: checking whether we are using the GNU C compiler
configure:2942: gcc -c   conftest.c >&5
configure:2948: $? = 0
configure:2952: test -z 
			 || test ! -s conftest.err
configure:2955: $? = 0
configure:2958: test -s conftest.o
configure:2961: $? = 0
configure:2974: result: yes
configure:2980: checking whether gcc accepts -g
configure:3001: gcc -c -g  conftest.c >&5
configure:3007: $? = 0
configure:3011: test -z 
			 || test ! -s conftest.err
configure:3014: $? = 0
configure:3017: test -s conftest.o
configure:3020: $? = 0
configure:3031: result: yes
configure:3048: checking for gcc option to accept ANSI C
configure:3118: gcc  -c -g -O2  conftest.c >&5
configure:3124: $? = 0
configure:3128: test -z 
			 || test ! -s conftest.err
configure:3131: $? = 0
configure:3134: test -s conftest.o
configure:3137: $? = 0
configure:3155: result: none needed
configure:3173: gcc -c -g -O2  conftest.c >&5
conftest.c:2: error: syntax error before "me"
configure:3179: $? = 1
configure: failed program was:
| #ifndef __cplusplus
|   choke me
| #endif
configure:3314: checking dependency style of gcc
configure:3404: result: gcc3
configure:3426: checking for flex
configure:3442: found /usr/bin/flex
configure:3452: result: flex
configure:3465: checking for yywrap in -lfl
configure:3495: gcc -o conftest -g -O2   conftest.c -lfl   >&5
configure:3501: $? = 0
configure:3505: test -z 
			 || test ! -s conftest.err
configure:3508: $? = 0
configure:3511: test -s conftest
configure:3514: $? = 0
configure:3527: result: yes
configure:3605: checking lex output file root
configure:3616: flex conftest.l
configure:3619: $? = 0
configure:3631: result: lex.yy
configure:3636: checking whether yytext is a pointer
configure:3652: gcc -o conftest -g -O2   conftest.c  -lfl >&5
configure:3658: $? = 0
configure:3662: test -z 
			 || test ! -s conftest.err
configure:3665: $? = 0
configure:3668: test -s conftest
configure:3671: $? = 0
configure:3685: result: yes
configure:3703: checking for bison
configure:3719: found /usr/bin/bison
configure:3729: result: bison -y
configure:3745: checking how to run the C preprocessor
configure:3780: gcc -E  conftest.c
configure:3786: $? = 0
configure:3818: gcc -E  conftest.c
conftest.c:15:28: ac_nonexistent.h: No such file or directory
configure:3824: $? = 1
configure: failed program was:
| /* confdefs.h.  */
| 
| #define PACKAGE_NAME "soapcpp2"
| #define PACKAGE_TARNAME "soapcpp2"
| #define PACKAGE_VERSION "2.7"
| #define PACKAGE_STRING "soapcpp2 2.7"
| #define PACKAGE_BUGREPORT ""
| #define PACKAGE "soapcpp2"
| #define VERSION "2.7"
| #ifdef __cplusplus
| extern "C" void std::exit (int) throw (); using std::exit;
| #endif
| #define YYTEXT_POINTER 1
| /* end confdefs.h.  */
| #include <ac_nonexistent.h>
configure:3863: result: gcc -E
configure:3887: gcc -E  conftest.c
configure:3893: $? = 0
configure:3925: gcc -E  conftest.c
conftest.c:15:28: ac_nonexistent.h: No such file or directory
configure:3931: $? = 1
configure: failed program was:
| /* confdefs.h.  */
| 
| #define PACKAGE_NAME "soapcpp2"
| #define PACKAGE_TARNAME "soapcpp2"
| #define PACKAGE_VERSION "2.7"
| #define PACKAGE_STRING "soapcpp2 2.7"
| #define PACKAGE_BUGREPORT ""
| #define PACKAGE "soapcpp2"
| #define VERSION "2.7"
| #ifdef __cplusplus
| extern "C" void std::exit (int) throw (); using std::exit;
| #endif
| #define YYTEXT_POINTER 1
| /* end confdefs.h.  */
| #include <ac_nonexistent.h>
configure:4015: checking for ranlib
configure:4031: found /usr/bin/ranlib
configure:4042: result: ranlib
configure:4054: checking whether ln -s works
configure:4058: result: yes
configure:4069: checking for gawk
configure:4095: result: gawk
configure:4118: checking for a BSD-compatible install
configure:4173: result: /usr/bin/install -c
configure:4235: checking for egrep
configure:4245: result: grep -E
configure:4250: checking for ANSI C header files
configure:4275: gcc -c -g -O2  conftest.c >&5
configure:4281: $? = 0
configure:4285: test -z 
			 || test ! -s conftest.err
configure:4288: $? = 0
configure:4291: test -s conftest.o
configure:4294: $? = 0
configure:4383: gcc -o conftest -g -O2   conftest.c  >&5
configure:4386: $? = 0
configure:4388: ./conftest
configure:4391: $? = 0
configure:4406: result: yes
configure:4430: checking for sys/types.h
configure:4446: gcc -c -g -O2  conftest.c >&5
configure:4452: $? = 0
configure:4456: test -z 
			 || test ! -s conftest.err
configure:4459: $? = 0
configure:4462: test -s conftest.o
configure:4465: $? = 0
configure:4476: result: yes
configure:4430: checking for sys/stat.h
configure:4446: gcc -c -g -O2  conftest.c >&5
configure:4452: $? = 0
configure:4456: test -z 
			 || test ! -s conftest.err
configure:4459: $? = 0
configure:4462: test -s conftest.o
configure:4465: $? = 0
configure:4476: result: yes
configure:4430: checking for stdlib.h
configure:4446: gcc -c -g -O2  conftest.c >&5
configure:4452: $? = 0
configure:4456: test -z 
			 || test ! -s conftest.err
configure:4459: $? = 0
configure:4462: test -s conftest.o
configure:4465: $? = 0
configure:4476: result: yes
configure:4430: checking for string.h
configure:4446: gcc -c -g -O2  conftest.c >&5
configure:4452: $? = 0
configure:4456: test -z 
			 || test ! -s conftest.err
configure:4459: $? = 0
configure:4462: test -s conftest.o
configure:4465: $? = 0
configure:4476: result: yes
configure:4430: checking for memory.h
configure:4446: gcc -c -g -O2  conftest.c >&5
configure:4452: $? = 0
configure:4456: test -z 
			 || test ! -s conftest.err
configure:4459: $? = 0
configure:4462: test -s conftest.o
configure:4465: $? = 0
configure:4476: result: yes
configure:4430: checking for strings.h
configure:4446: gcc -c -g -O2  conftest.c >&5
configure:4452: $? = 0
configure:4456: test -z 
			 || test ! -s conftest.err
configure:4459: $? = 0
configure:4462: test -s conftest.o
configure:4465: $? = 0
configure:4476: result: yes
configure:4430: checking for inttypes.h
configure:4446: gcc -c -g -O2  conftest.c >&5
configure:4452: $? = 0
configure:4456: test -z 
			 || test ! -s conftest.err
configure:4459: $? = 0
configure:4462: test -s conftest.o
configure:4465: $? = 0
configure:4476: result: yes
configure:4430: checking for stdint.h
configure:4446: gcc -c -g -O2  conftest.c >&5
configure:4452: $? = 0
configure:4456: test -z 
			 || test ! -s conftest.err
configure:4459: $? = 0
configure:4462: test -s conftest.o
configure:4465: $? = 0
configure:4476: result: yes
configure:4430: checking for unistd.h
configure:4446: gcc -c -g -O2  conftest.c >&5
configure:4452: $? = 0
configure:4456: test -z 
			 || test ! -s conftest.err
configure:4459: $? = 0
configure:4462: test -s conftest.o
configure:4465: $? = 0
configure:4476: result: yes
configure:4516: checking arpa/inet.h usability
configure:4528: gcc -c -g -O2  conftest.c >&5
configure:4534: $? = 0
configure:4538: test -z 
			 || test ! -s conftest.err
configure:4541: $? = 0
configure:4544: test -s conftest.o
configure:4547: $? = 0
configure:4557: result: yes
configure:4561: checking arpa/inet.h presence
configure:4571: gcc -E  conftest.c
configure:4577: $? = 0
configure:4597: result: yes
configure:4632: checking for arpa/inet.h
configure:4639: result: yes
configure:4516: checking errno.h usability
configure:4528: gcc -c -g -O2  conftest.c >&5
configure:4534: $? = 0
configure:4538: test -z 
			 || test ! -s conftest.err
configure:4541: $? = 0
configure:4544: test -s conftest.o
configure:4547: $? = 0
configure:4557: result: yes
configure:4561: checking errno.h presence
configure:4571: gcc -E  conftest.c
configure:4577: $? = 0
configure:4597: result: yes
configure:4632: checking for errno.h
configure:4639: result: yes
configure:4516: checking fcntl.h usability
configure:4528: gcc -c -g -O2  conftest.c >&5
configure:4534: $? = 0
configure:4538: test -z 
			 || test ! -s conftest.err
configure:4541: $? = 0
configure:4544: test -s conftest.o
configure:4547: $? = 0
configure:4557: result: yes
configure:4561: checking fcntl.h presence
configure:4571: gcc -E  conftest.c
configure:4577: $? = 0
configure:4597: result: yes
configure:4632: checking for fcntl.h
configure:4639: result: yes
configure:4516: checking limits.h usability
configure:4528: gcc -c -g -O2  conftest.c >&5
configure:4534: $? = 0
configure:4538: test -z 
			 || test ! -s conftest.err
configure:4541: $? = 0
configure:4544: test -s conftest.o
configure:4547: $? = 0
configure:4557: result: yes
configure:4561: checking limits.h presence
configure:4571: gcc -E  conftest.c
configure:4577: $? = 0
configure:4597: result: yes
configure:4632: checking for limits.h
configure:4639: result: yes
configure:4516: checking netdb.h usability
configure:4528: gcc -c -g -O2  conftest.c >&5
configure:4534: $? = 0
configure:4538: test -z 
			 || test ! -s conftest.err
configure:4541: $? = 0
configure:4544: test -s conftest.o
configure:4547: $? = 0
configure:4557: result: yes
configure:4561: checking netdb.h presence
configure:4571: gcc -E  conftest.c
configure:4577: $? = 0
configure:4597: result: yes
configure:4632: checking for netdb.h
configure:4639: result: yes
configure:4516: checking netinet/in.h usability
configure:4528: gcc -c -g -O2  conftest.c >&5
configure:4534: $? = 0
configure:4538: test -z 
			 || test ! -s conftest.err
configure:4541: $? = 0
configure:4544: test -s conftest.o
configure:4547: $? = 0
configure:4557: result: yes
configure:4561: checking netinet/in.h presence
configure:4571: gcc -E  conftest.c
configure:4577: $? = 0
configure:4597: result: yes
configure:4632: checking for netinet/in.h
configure:4639: result: yes
configure:4507: checking for stdlib.h
configure:4512: result: yes
configure:4507: checking for string.h
configure:4512: result: yes
configure:4507: checking for strings.h
configure:4512: result: yes
configure:4516: checking sys/socket.h usability
configure:4528: gcc -c -g -O2  conftest.c >&5
configure:4534: $? = 0
configure:4538: test -z 
			 || test ! -s conftest.err
configure:4541: $? = 0
configure:4544: test -s conftest.o
configure:4547: $? = 0
configure:4557: result: yes
configure:4561: checking sys/socket.h presence
configure:4571: gcc -E  conftest.c
configure:4577: $? = 0
configure:4597: result: yes
configure:4632: checking for sys/socket.h
configure:4639: result: yes
configure:4507: checking for sys/types.h
configure:4512: result: yes
configure:4516: checking sys/time.h usability
configure:4528: gcc -c -g -O2  conftest.c >&5
configure:4534: $? = 0
configure:4538: test -z 
			 || test ! -s conftest.err
configure:4541: $? = 0
configure:4544: test -s conftest.o
configure:4547: $? = 0
configure:4557: result: yes
configure:4561: checking sys/time.h presence
configure:4571: gcc -E  conftest.c
configure:4577: $? = 0
configure:4597: result: yes
configure:4632: checking for sys/time.h
configure:4639: result: yes
configure:4516: checking sys/timeb.h usability
configure:4528: gcc -c -g -O2  conftest.c >&5
configure:4534: $? = 0
configure:4538: test -z 
			 || test ! -s conftest.err
configure:4541: $? = 0
configure:4544: test -s conftest.o
configure:4547: $? = 0
configure:4557: result: yes
configure:4561: checking sys/timeb.h presence
configure:4571: gcc -E  conftest.c
configure:4577: $? = 0
configure:4597: result: yes
configure:4632: checking for sys/timeb.h
configure:4639: result: yes
configure:4507: checking for unistd.h
configure:4512: result: yes
configure:4516: checking openssl/ssl.h usability
configure:4528: gcc -c -g -O2  conftest.c >&5
configure:4534: $? = 0
configure:4538: test -z 
			 || test ! -s conftest.err
configure:4541: $? = 0
configure:4544: test -s conftest.o
configure:4547: $? = 0
configure:4557: result: yes
configure:4561: checking openssl/ssl.h presence
configure:4571: gcc -E  conftest.c
configure:4577: $? = 0
configure:4597: result: yes
configure:4632: checking for openssl/ssl.h
configure:4639: result: yes
configure:4654: checking for an ANSI C-conforming const
configure:4721: gcc -c -g -O2  conftest.c >&5
configure:4727: $? = 0
configure:4731: test -z 
			 || test ! -s conftest.err
configure:4734: $? = 0
configure:4737: test -s conftest.o
configure:4740: $? = 0
configure:4751: result: yes
configure:4761: checking for size_t
configure:4785: gcc -c -g -O2  conftest.c >&5
configure:4791: $? = 0
configure:4795: test -z 
			 || test ! -s conftest.err
configure:4798: $? = 0
configure:4801: test -s conftest.o
configure:4804: $? = 0
configure:4815: result: yes
configure:4827: checking whether time.h and sys/time.h may both be included
configure:4852: gcc -c -g -O2  conftest.c >&5
configure:4858: $? = 0
configure:4862: test -z 
			 || test ! -s conftest.err
configure:4865: $? = 0
configure:4868: test -s conftest.o
configure:4871: $? = 0
configure:4882: result: yes
configure:4892: checking whether struct tm is in sys/time.h or time.h
configure:4915: gcc -c -g -O2  conftest.c >&5
configure:4921: $? = 0
configure:4925: test -z 
			 || test ! -s conftest.err
configure:4928: $? = 0
configure:4931: test -s conftest.o
configure:4934: $? = 0
configure:4945: result: time.h
configure:4964: checking for stdlib.h
configure:4969: result: yes
configure:4964: checking for sys/time.h
configure:4969: result: yes
configure:4964: checking for unistd.h
configure:4969: result: yes
configure:5113: checking for alarm
configure:5170: gcc -o conftest -g -O2   conftest.c  >&5
configure:5176: $? = 0
configure:5180: test -z 
			 || test ! -s conftest.err
configure:5183: $? = 0
configure:5186: test -s conftest
configure:5189: $? = 0
configure:5201: result: yes
configure:5211: checking for working mktime
configure:5387: gcc -o conftest -g -O2   conftest.c  >&5
configure:5390: $? = 0
configure:5392: ./conftest
configure:5395: $? = 0
configure:5409: result: yes
configure:5422: checking return type of signal handlers
configure:5453: gcc -c -g -O2  conftest.c >&5
configure:5459: $? = 0
configure:5463: test -z 
			 || test ! -s conftest.err
configure:5466: $? = 0
configure:5469: test -s conftest.o
configure:5472: $? = 0
configure:5483: result: void
configure:5495: checking for strftime
configure:5552: gcc -o conftest -g -O2   conftest.c  >&5
conftest.c:70: warning: conflicting types for built-in function 'strftime'
configure:5558: $? = 0
configure:5562: test -z 
			 || test ! -s conftest.err
configure:5565: $? = 0
configure:5568: test -s conftest
configure:5571: $? = 0
configure:5583: result: yes
configure:5667: checking for working strtod
configure:5710: gcc -o conftest -g -O2   conftest.c  >&5
configure:5713: $? = 0
configure:5715: ./conftest
configure:5718: $? = 0
configure:5732: result: yes
configure:5935: checking for random
configure:5992: gcc -o conftest -g -O2   conftest.c  >&5
configure:5998: $? = 0
configure:6002: test -z 
			 || test ! -s conftest.err
configure:6005: $? = 0
configure:6008: test -s conftest
configure:6011: $? = 0
configure:6023: result: yes
configure:5935: checking for gettimeofday
configure:5992: gcc -o conftest -g -O2   conftest.c  >&5
configure:5998: $? = 0
configure:6002: test -z 
			 || test ! -s conftest.err
configure:6005: $? = 0
configure:6008: test -s conftest
configure:6011: $? = 0
configure:6023: result: yes
configure:5935: checking for ftime
configure:5992: gcc -o conftest -g -O2   conftest.c  >&5
configure:5998: $? = 0
configure:6002: test -z 
			 || test ! -s conftest.err
configure:6005: $? = 0
configure:6008: test -s conftest
configure:6011: $? = 0
configure:6023: result: yes
configure:5935: checking for localtime_r
configure:5992: gcc -o conftest -g -O2   conftest.c  >&5
configure:5998: $? = 0
configure:6002: test -z 
			 || test ! -s conftest.err
configure:6005: $? = 0
configure:6008: test -s conftest
configure:6011: $? = 0
configure:6023: result: yes
configure:5935: checking for timegm
configure:5992: gcc -o conftest -g -O2   conftest.c  >&5
configure:5998: $? = 0
configure:6002: test -z 
			 || test ! -s conftest.err
configure:6005: $? = 0
configure:6008: test -s conftest
configure:6011: $? = 0
configure:6023: result: yes
configure:5935: checking for gmtime
configure:5992: gcc -o conftest -g -O2   conftest.c  >&5
configure:5998: $? = 0
configure:6002: test -z 
			 || test ! -s conftest.err
configure:6005: $? = 0
configure:6008: test -s conftest
configure:6011: $? = 0
configure:6023: result: yes
configure:5935: checking for gmtime_r
configure:5992: gcc -o conftest -g -O2   conftest.c  >&5
configure:5998: $? = 0
configure:6002: test -z 
			 || test ! -s conftest.err
configure:6005: $? = 0
configure:6008: test -s conftest
configure:6011: $? = 0
configure:6023: result: yes
configure:5935: checking for memset
configure:5992: gcc -o conftest -g -O2   conftest.c  >&5
conftest.c:78: warning: conflicting types for built-in function 'memset'
configure:5998: $? = 0
configure:6002: test -z 
			 || test ! -s conftest.err
configure:6005: $? = 0
configure:6008: test -s conftest
configure:6011: $? = 0
configure:6023: result: yes
configure:5935: checking for select
configure:5992: gcc -o conftest -g -O2   conftest.c  >&5
configure:5998: $? = 0
configure:6002: test -z 
			 || test ! -s conftest.err
configure:6005: $? = 0
configure:6008: test -s conftest
configure:6011: $? = 0
configure:6023: result: yes
configure:5935: checking for socket
configure:5992: gcc -o conftest -g -O2   conftest.c  >&5
configure:5998: $? = 0
configure:6002: test -z 
			 || test ! -s conftest.err
configure:6005: $? = 0
configure:6008: test -s conftest
configure:6011: $? = 0
configure:6023: result: yes
configure:5935: checking for strchr
configure:5992: gcc -o conftest -g -O2   conftest.c  >&5
conftest.c:81: warning: conflicting types for built-in function 'strchr'
configure:5998: $? = 0
configure:6002: test -z 
			 || test ! -s conftest.err
configure:6005: $? = 0
configure:6008: test -s conftest
configure:6011: $? = 0
configure:6023: result: yes
configure:5935: checking for strerror
configure:5992: gcc -o conftest -g -O2   conftest.c  >&5
configure:5998: $? = 0
configure:6002: test -z 
			 || test ! -s conftest.err
configure:6005: $? = 0
configure:6008: test -s conftest
configure:6011: $? = 0
configure:6023: result: yes
configure:5935: checking for strrchr
configure:5992: gcc -o conftest -g -O2   conftest.c  >&5
conftest.c:83: warning: conflicting types for built-in function 'strrchr'
configure:5998: $? = 0
configure:6002: test -z 
			 || test ! -s conftest.err
configure:6005: $? = 0
configure:6008: test -s conftest
configure:6011: $? = 0
configure:6023: result: yes
configure:5935: checking for strstr
configure:5992: gcc -o conftest -g -O2   conftest.c  >&5
conftest.c:84: warning: conflicting types for built-in function 'strstr'
configure:5998: $? = 0
configure:6002: test -z 
			 || test ! -s conftest.err
configure:6005: $? = 0
configure:6008: test -s conftest
configure:6011: $? = 0
configure:6023: result: yes
configure:5935: checking for strtol
configure:5992: gcc -o conftest -g -O2   conftest.c  >&5
configure:5998: $? = 0
configure:6002: test -z 
			 || test ! -s conftest.err
configure:6005: $? = 0
configure:6008: test -s conftest
configure:6011: $? = 0
configure:6023: result: yes
configure:5935: checking for strtoul
configure:5992: gcc -o conftest -g -O2   conftest.c  >&5
configure:5998: $? = 0
configure:6002: test -z 
			 || test ! -s conftest.err
configure:6005: $? = 0
configure:6008: test -s conftest
configure:6011: $? = 0
configure:6023: result: yes
configure:5935: checking for strtoll
configure:5992: gcc -o conftest -g -O2   conftest.c  >&5
configure:5998: $? = 0
configure:6002: test -z 
			 || test ! -s conftest.err
configure:6005: $? = 0
configure:6008: test -s conftest
configure:6011: $? = 0
configure:6023: result: yes
configure:5935: checking for strtoull
configure:5992: gcc -o conftest -g -O2   conftest.c  >&5
configure:5998: $? = 0
configure:6002: test -z 
			 || test ! -s conftest.err
configure:6005: $? = 0
configure:6008: test -s conftest
configure:6011: $? = 0
configure:6023: result: yes
configure:5935: checking for strtold
configure:5992: gcc -o conftest -g -O2   conftest.c  >&5
configure:5998: $? = 0
configure:6002: test -z 
			 || test ! -s conftest.err
configure:6005: $? = 0
configure:6008: test -s conftest
configure:6011: $? = 0
configure:6023: result: yes
configure:5935: checking for sscanf
configure:5992: gcc -o conftest -g -O2   conftest.c  >&5
conftest.c:90: warning: conflicting types for built-in function 'sscanf'
configure:5998: $? = 0
configure:6002: test -z 
			 || test ! -s conftest.err
configure:6005: $? = 0
configure:6008: test -s conftest
configure:6011: $? = 0
configure:6023: result: yes
configure:5935: checking for wctomb
configure:5992: gcc -o conftest -g -O2   conftest.c  >&5
configure:5998: $? = 0
configure:6002: test -z 
			 || test ! -s conftest.err
configure:6005: $? = 0
configure:6008: test -s conftest
configure:6011: $? = 0
configure:6023: result: yes
configure:5935: checking for mbtowc
configure:5992: gcc -o conftest -g -O2   conftest.c  >&5
configure:5998: $? = 0
configure:6002: test -z 
			 || test ! -s conftest.err
configure:6005: $? = 0
configure:6008: test -s conftest
configure:6011: $? = 0
configure:6023: result: yes
configure:6039: checking for gethostbyname_r
configure:6096: gcc -o conftest -g -O2   conftest.c  >&5
configure:6102: $? = 0
configure:6106: test -z 
			 || test ! -s conftest.err
configure:6109: $? = 0
configure:6112: test -s conftest
configure:6115: $? = 0
configure:6127: result: yes
configure:6142: checking for stdlib.h
configure:6147: result: yes
configure:6287: checking for GNU libc compatible malloc
configure:6316: gcc -o conftest -g -O2   conftest.c  >&5
configure:6319: $? = 0
configure:6321: ./conftest
configure:6324: $? = 0
configure:6338: result: yes
configure:6408: checking for disable namespaces in library
configure:6411: result: no
configure:6605: creating ./config.status

## ---------------------- ##
## Running config.status. ##
## ---------------------- ##

This file was extended by soapcpp2 config.status 2.7, which was
generated by GNU Autoconf 2.59.  Invocation command line was

  CONFIG_FILES    = 
  CONFIG_HEADERS  = 
  CONFIG_LINKS    = 
  CONFIG_COMMANDS = 
  $ ./config.status 

on diablo

config.status:760: creating Makefile
config.status:760: creating gsoap.pc
config.status:760: creating gsoap++.pc
config.status:760: creating gsoapck.pc
config.status:760: creating gsoapck++.pc
config.status:760: creating gsoapssl.pc
config.status:760: creating gsoapssl++.pc
config.status:760: creating soapcpp2/Makefile
config.status:760: creating soapcpp2/src/Makefile
config.status:760: creating soapcpp2/wsdl/Makefile
config.status:760: creating soapcpp2/samples/Makefile
config.status:760: creating soapcpp2/samples/quote/Makefile
config.status:760: creating soapcpp2/samples/quote2/Makefile
config.status:760: creating soapcpp2/samples/quote3/Makefile
config.status:760: creating soapcpp2/samples/quote4/Makefile
config.status:760: creating soapcpp2/samples/quotex/Makefile
config.status:760: creating soapcpp2/samples/calc/Makefile
config.status:760: creating soapcpp2/samples/factory/Makefile
config.status:760: creating soapcpp2/samples/factorytest/Makefile
config.status:760: creating soapcpp2/samples/dime/Makefile
config.status:760: creating soapcpp2/samples/mtom/Makefile
config.status:760: creating soapcpp2/samples/mtom-stream/Makefile
config.status:760: creating soapcpp2/samples/localtime/Makefile
config.status:760: creating soapcpp2/samples/listing/Makefile
config.status:760: creating soapcpp2/samples/magic/Makefile
config.status:760: creating soapcpp2/samples/lu/Makefile
config.status:760: creating soapcpp2/samples/ck/Makefile
config.status:760: creating soapcpp2/samples/googleapi/Makefile
config.status:760: creating soapcpp2/samples/varparam/Makefile
config.status:760: creating soapcpp2/samples/rss/Makefile
config.status:760: creating soapcpp2/samples/xml-rpc/Makefile
config.status:760: creating soapcpp2/samples/ssl/Makefile
config.status:760: creating soapcpp2/samples/router/Makefile
config.status:760: creating soapcpp2/samples/events/Makefile
config.status:760: creating soapcpp2/samples/polytest/Makefile
config.status:760: creating soapcpp2/samples/udp/Makefile
config.status:864: creating config.h
config.status:1264: executing depfiles commands

## ---------------- ##
## Cache variables. ##
## ---------------- ##

ac_cv_build=i686-intel-linux
ac_cv_build_alias=i686-intel-linux
ac_cv_c_compiler_gnu=yes
ac_cv_c_const=yes
ac_cv_cxx_compiler_gnu=yes
ac_cv_env_CC_set=
ac_cv_env_CC_value=
ac_cv_env_CFLAGS_set=
ac_cv_env_CFLAGS_value=
ac_cv_env_CPPFLAGS_set=
ac_cv_env_CPPFLAGS_value=
ac_cv_env_CPP_set=
ac_cv_env_CPP_value=
ac_cv_env_CXXFLAGS_set=
ac_cv_env_CXXFLAGS_value=
ac_cv_env_CXX_set=
ac_cv_env_CXX_value=
ac_cv_env_LDFLAGS_set=
ac_cv_env_LDFLAGS_value=
ac_cv_env_build_alias_set=
ac_cv_env_build_alias_value=
ac_cv_env_host_alias_set=
ac_cv_env_host_alias_value=
ac_cv_env_target_alias_set=
ac_cv_env_target_alias_value=
ac_cv_exeext=
ac_cv_func_alarm=yes
ac_cv_func_ftime=yes
ac_cv_func_gethostbyname_r=yes
ac_cv_func_gettimeofday=yes
ac_cv_func_gmtime=yes
ac_cv_func_gmtime_r=yes
ac_cv_func_localtime_r=yes
ac_cv_func_malloc_0_nonnull=yes
ac_cv_func_mbtowc=yes
ac_cv_func_memset=yes
ac_cv_func_random=yes
ac_cv_func_select=yes
ac_cv_func_socket=yes
ac_cv_func_sscanf=yes
ac_cv_func_strchr=yes
ac_cv_func_strerror=yes
ac_cv_func_strftime=yes
ac_cv_func_strrchr=yes
ac_cv_func_strstr=yes
ac_cv_func_strtod=yes
ac_cv_func_strtol=yes
ac_cv_func_strtold=yes
ac_cv_func_strtoll=yes
ac_cv_func_strtoul=yes
ac_cv_func_strtoull=yes
ac_cv_func_timegm=yes
ac_cv_func_wctomb=yes
ac_cv_func_working_mktime=yes
ac_cv_header_arpa_inet_h=yes
ac_cv_header_errno_h=yes
ac_cv_header_fcntl_h=yes
ac_cv_header_inttypes_h=yes
ac_cv_header_limits_h=yes
ac_cv_header_memory_h=yes
ac_cv_header_netdb_h=yes
ac_cv_header_netinet_in_h=yes
ac_cv_header_openssl_ssl_h=yes
ac_cv_header_stdc=yes
ac_cv_header_stdint_h=yes
ac_cv_header_stdlib_h=yes
ac_cv_header_string_h=yes
ac_cv_header_strings_h=yes
ac_cv_header_sys_socket_h=yes
ac_cv_header_sys_stat_h=yes
ac_cv_header_sys_time_h=yes
ac_cv_header_sys_timeb_h=yes
ac_cv_header_sys_types_h=yes
ac_cv_header_time=yes
ac_cv_header_unistd_h=yes
ac_cv_host=i686-intel-linux
ac_cv_host_alias=i686-intel-linux
ac_cv_lib_fl_yywrap=yes
ac_cv_objext=o
ac_cv_path_install='/usr/bin/install -c'
ac_cv_prog_AWK=gawk
ac_cv_prog_CPP='gcc -E'
ac_cv_prog_LEX=flex
ac_cv_prog_YACC='bison -y'
ac_cv_prog_ac_ct_CC=gcc
ac_cv_prog_ac_ct_CXX=g++
ac_cv_prog_ac_ct_RANLIB=ranlib
ac_cv_prog_cc_g=yes
ac_cv_prog_cc_stdc=
ac_cv_prog_cxx_g=yes
ac_cv_prog_egrep='grep -E'
ac_cv_prog_lex_root=lex.yy
ac_cv_prog_lex_yytext_pointer=yes
ac_cv_prog_make_make_set=yes
ac_cv_struct_tm=time.h
ac_cv_type_signal=void
ac_cv_type_size_t=yes
am_cv_CC_dependencies_compiler_type=gcc3
am_cv_CXX_dependencies_compiler_type=gcc3

## ----------------- ##
## Output variables. ##
## ----------------- ##

ACLOCAL='${SHELL} /home/faculty/engelen/Projects/gsoap/gsoap-2.7/missing --run aclocal-1.9'
AMDEPBACKSLASH='\'
AMDEP_FALSE='#'
AMDEP_TRUE=''
AMTAR='${SHELL} /home/faculty/engelen/Projects/gsoap/gsoap-2.7/missing --run tar'
AUTOCONF='${SHELL} /home/faculty/engelen/Projects/gsoap/gsoap-2.7/missing --run autoconf'
AUTOHEADER='${SHELL} /home/faculty/engelen/Projects/gsoap/gsoap-2.7/missing --run autoheader'
AUTOMAKE='${SHELL} /home/faculty/engelen/Projects/gsoap/gsoap-2.7/missing --run automake-1.9'
AWK='gawk'
BISON_DEFINE='-DWITH_BISON'
CC='gcc'
CCDEPMODE='depmode=gcc3'
CFLAGS='-g -O2'
CPP='gcc -E'
CPPFLAGS=''
CXX='g++'
CXXDEPMODE='depmode=gcc3'
CXXFLAGS='-g -O2'
CYGPATH_W='echo'
DEBUG_COMPILE_FALSE=''
DEBUG_COMPILE_TRUE='#'
DEFS='-DHAVE_CONFIG_H'
DEPDIR='.deps'
ECHO_C=''
ECHO_N='-n'
ECHO_T=''
EGREP='grep -E'
ENABLE_SAMPLES=''
ENABLE_SAMPLES_FALSE=''
ENABLE_SAMPLES_TRUE='#'
EXEEXT=''
INSTALL_DATA='${INSTALL} -m 644'
INSTALL_PROGRAM='${INSTALL}'
INSTALL_SCRIPT='${INSTALL}'
INSTALL_STRIP_PROGRAM='${SHELL} $(install_sh) -c -s'
LDFLAGS=''
LEX='flex'
LEXLIB='-lfl'
LEX_DEFINE='-DWITH_FLEX'
LEX_FLAGS='-l'
LEX_OUTPUT_ROOT='lex.yy'
LIBOBJS=''
LIBS=''
LN_S='ln -s'
LTLIBOBJS=''
MAKEINFO='${SHELL} /home/faculty/engelen/Projects/gsoap/gsoap-2.7/missing --run makeinfo'
OBJEXT='o'
PACKAGE='soapcpp2'
PACKAGE_BUGREPORT=''
PACKAGE_NAME='soapcpp2'
PACKAGE_STRING='soapcpp2 2.7'
PACKAGE_TARNAME='soapcpp2'
PACKAGE_VERSION='2.7'
PATH_SEPARATOR=':'
POW_LIB=''
RANLIB='ranlib'
SAMPLE_DIRS=''
SAMPLE_EXTRA_LIBS=''
SET_MAKE=''
SHELL='/bin/sh'
SOAPCPP2_DEBUG=''
SOAPCPP2_NONAMESPACES=''
STRIP=''
VERSION='2.7'
YACC='bison -y'
YACC_LIB=''
ac_ct_CC='gcc'
ac_ct_CXX='g++'
ac_ct_RANLIB='ranlib'
ac_ct_STRIP=''
am__fastdepCC_FALSE='#'
am__fastdepCC_TRUE=''
am__fastdepCXX_FALSE='#'
am__fastdepCXX_TRUE=''
am__include='include'
am__leading_dot='.'
am__quote=''
am__tar='${AMTAR} chof - "$$tardir"'
am__untar='${AMTAR} xf -'
bindir='${exec_prefix}/bin'
build='i686-intel-linux'
build_alias=''
build_cpu='i686'
build_os='linux'
build_vendor='intel'
datadir='${prefix}/share'
exec_prefix='${prefix}'
host='i686-intel-linux'
host_alias=''
host_cpu='i686'
host_os='linux'
host_vendor='intel'
includedir='${prefix}/include'
infodir='${prefix}/info'
install_sh='/home/faculty/engelen/Projects/gsoap/gsoap-2.7/install-sh'
libdir='${exec_prefix}/lib'
libexecdir='${exec_prefix}/libexec'
localstatedir='${prefix}/var'
mandir='${prefix}/man'
mkdir_p='mkdir -p --'
oldincludedir='/usr/include'
platform='LINUX'
prefix='/usr/local'
program_transform_name='s,x,x,'
sbindir='${exec_prefix}/sbin'
sharedstatedir='${prefix}/com'
sysconfdir='${prefix}/etc'
target_alias=''

## ----------- ##
## confdefs.h. ##
## ----------- ##

#define HAVE_ALARM 1
#define HAVE_ARPA_INET_H 1
#define HAVE_ERRNO_H 1
#define HAVE_FCNTL_H 1
#define HAVE_FTIME 1
#define HAVE_GETHOSTBYNAME_R 1
#define HAVE_GETTIMEOFDAY 1
#define HAVE_GMTIME 1
#define HAVE_GMTIME_R 1
#define HAVE_INTTYPES_H 1
#define HAVE_LIMITS_H 1
#define HAVE_LOCALTIME_R 1
#define HAVE_MALLOC 1
#define HAVE_MBTOWC 1
#define HAVE_MEMORY_H 1
#define HAVE_MEMSET 1
#define HAVE_NETDB_H 1
#define HAVE_NETINET_IN_H 1
#define HAVE_OPENSSL_SSL_H 1
#define HAVE_RANDOM 1
#define HAVE_SELECT 1
#define HAVE_SOCKET 1
#define HAVE_SSCANF 1
#define HAVE_STDINT_H 1
#define HAVE_STDLIB_H 1
#define HAVE_STDLIB_H 1
#define HAVE_STDLIB_H 1
#define HAVE_STDLIB_H 1
#define HAVE_STRCHR 1
#define HAVE_STRERROR 1
#define HAVE_STRFTIME 1
#define HAVE_STRINGS_H 1
#define HAVE_STRINGS_H 1
#define HAVE_STRING_H 1
#define HAVE_STRING_H 1
#define HAVE_STRRCHR 1
#define HAVE_STRSTR 1
#define HAVE_STRTOL 1
#define HAVE_STRTOLD 1
#define HAVE_STRTOLL 1
#define HAVE_STRTOUL 1
#define HAVE_STRTOULL 1
#define HAVE_SYS_SOCKET_H 1
#define HAVE_SYS_STAT_H 1
#define HAVE_SYS_TIMEB_H 1
#define HAVE_SYS_TIME_H 1
#define HAVE_SYS_TIME_H 1
#define HAVE_SYS_TYPES_H 1
#define HAVE_SYS_TYPES_H 1
#define HAVE_TIMEGM 1
#define HAVE_UNISTD_H 1
#define HAVE_UNISTD_H 1
#define HAVE_UNISTD_H 1
#define HAVE_WCTOMB 1
#define PACKAGE "soapcpp2"
#define PACKAGE_BUGREPORT ""
#define PACKAGE_NAME "soapcpp2"
#define PACKAGE_STRING "soapcpp2 2.7"
#define PACKAGE_TARNAME "soapcpp2"
#define PACKAGE_VERSION "2.7"
#define RETSIGTYPE void
#define STDC_HEADERS 1
#define TIME_WITH_SYS_TIME 1
#define VERSION "2.7"
#define YYTEXT_POINTER 1
#endif
#ifdef __cplusplus
extern "C" void std::exit (int) throw (); using std::exit;

configure: exit 0

## ---------------------- ##
## Running config.status. ##
## ---------------------- ##

This file was extended by soapcpp2 config.status 2.7, which was
generated by GNU Autoconf 2.59.  Invocation command line was

  CONFIG_FILES    = 
  CONFIG_HEADERS  = 
  CONFIG_LINKS    = 
  CONFIG_COMMANDS = 
  $ ./config.status config.h

on diablo

config.status:864: creating config.h
config.status:1084: config.h is unchanged
